<testsuites id="" name="" tests="78" failures="6" skipped="0" errors="0" time="100.56411">
<testsuite name="demo-todo-app.spec.ts" timestamp="2024-09-07T07:31:59.167Z" hostname="chromium" tests="24" failures="1" skipped="0" time="62.359" errors="0">
<testcase name="New Todo › should allow me to add todo items" classname="demo-todo-app.spec.ts" time="3.116">
</testcase>
<testcase name="New Todo › should clear text input field when an item is added" classname="demo-todo-app.spec.ts" time="3.036">
</testcase>
<testcase name="New Todo › should append new items to the bottom of the list" classname="demo-todo-app.spec.ts" time="3.209">
</testcase>
<testcase name="Mark all as completed › should allow me to mark all items as completed" classname="demo-todo-app.spec.ts" time="3.373">
</testcase>
<testcase name="Mark all as completed › should allow me to clear the complete state of all items" classname="demo-todo-app.spec.ts" time="1.207">
</testcase>
<testcase name="Mark all as completed › complete all checkbox should update state when items are completed / cleared" classname="demo-todo-app.spec.ts" time="1.152">
</testcase>
<testcase name="Item › should allow me to mark items as complete" classname="demo-todo-app.spec.ts" time="1.045">
</testcase>
<testcase name="Item › should allow me to un-mark items as complete" classname="demo-todo-app.spec.ts" time="1.052">
</testcase>
<testcase name="Item › should allow me to edit an item" classname="demo-todo-app.spec.ts" time="30.081">
<failure message="demo-todo-app.spec.ts:174:7 should allow me to edit an item" type="FAILURE">
<![CDATA[  [chromium] › demo-todo-app.spec.ts:174:7 › Item › should allow me to edit an item ────────────────

    Test timeout of 30000ms exceeded.

    Error: locator.fill: Test timeout of 30000ms exceeded.
    Call log:
      - waiting for getByTestId('todo-item').nth(1).getByRole('textbox', { name: 'E3dit' })


      179 |     await secondTodo.dblclick();
      180 |     await expect(secondTodo.getByRole('textbox', { name: 'Edit' })).toHaveValue(TODO_ITEMS[1]);
    > 181 |     await secondTodo.getByRole('textbox', { name: 'E3dit' }).fill('buy some sausages');
          |                                                              ^
      182 |     await secondTodo.getByRole('textbox', { name: 'Edit' }).press('Enter');
      183 |
      184 |     // Explicitly assert the new text value.

        at /Users/sbharadwaj/Documents/OpenSource/playwright-syntest/tests/demo-todo-app.spec.ts:181:62

    attachment #1: screenshot (image/png) ──────────────────────────────────────────────────────────
    test-results/demo-todo-app-Item-should-allow-me-to-edit-an-item-chromium/test-failed-1.png
    ────────────────────────────────────────────────────────────────────────────────────────────────

    attachment #2: video (video/webm) ──────────────────────────────────────────────────────────────
    test-results/demo-todo-app-Item-should-allow-me-to-edit-an-item-chromium/video.webm
    ────────────────────────────────────────────────────────────────────────────────────────────────
]]>
</failure>
<system-out>
<![CDATA[
[[ATTACHMENT|test-results/demo-todo-app-Item-should-allow-me-to-edit-an-item-chromium/test-failed-1.png]]

[[ATTACHMENT|test-results/demo-todo-app-Item-should-allow-me-to-edit-an-item-chromium/video.webm]]
]]>
</system-out>
</testcase>
<testcase name="Editing › should hide other controls when editing" classname="demo-todo-app.spec.ts" time="1.056">
</testcase>
<testcase name="Editing › should save edits on blur" classname="demo-todo-app.spec.ts" time="0.919">
</testcase>
<testcase name="Editing › should trim entered text" classname="demo-todo-app.spec.ts" time="0.981">
</testcase>
<testcase name="Editing › should remove the item if an empty text string was entered" classname="demo-todo-app.spec.ts" time="1.205">
</testcase>
<testcase name="Editing › should cancel edits on escape" classname="demo-todo-app.spec.ts" time="1.13">
</testcase>
<testcase name="Counter › should display the current number of todo items" classname="demo-todo-app.spec.ts" time="0.818">
</testcase>
<testcase name="Clear completed button › should display the correct text" classname="demo-todo-app.spec.ts" time="0.89">
</testcase>
<testcase name="Clear completed button › should remove completed items when clicked" classname="demo-todo-app.spec.ts" time="1.047">
</testcase>
<testcase name="Clear completed button › should be hidden when there are no items that are completed" classname="demo-todo-app.spec.ts" time="0.957">
</testcase>
<testcase name="Persistence › should persist its data" classname="demo-todo-app.spec.ts" time="1.375">
</testcase>
<testcase name="Routing › should allow me to display active items" classname="demo-todo-app.spec.ts" time="0.92">
</testcase>
<testcase name="Routing › should respect the back button" classname="demo-todo-app.spec.ts" time="0.985">
</testcase>
<testcase name="Routing › should allow me to display completed items" classname="demo-todo-app.spec.ts" time="0.821">
</testcase>
<testcase name="Routing › should allow me to display all items" classname="demo-todo-app.spec.ts" time="1.047">
</testcase>
<testcase name="Routing › should highlight the currently applied filter" classname="demo-todo-app.spec.ts" time="0.937">
</testcase>
</testsuite>
<testsuite name="example.spec.ts" timestamp="2024-09-07T07:31:59.167Z" hostname="chromium" tests="2" failures="0" skipped="0" time="3.11" errors="0">
<testcase name="has title" classname="example.spec.ts" time="1.481">
</testcase>
<testcase name="get started link" classname="example.spec.ts" time="1.629">
</testcase>
</testsuite>
<testsuite name="demo-todo-app.spec.ts" timestamp="2024-09-07T07:31:59.167Z" hostname="firefox" tests="24" failures="4" skipped="0" time="147.99" errors="0">
<testcase name="New Todo › should allow me to add todo items" classname="demo-todo-app.spec.ts" time="1.74">
</testcase>
<testcase name="New Todo › should clear text input field when an item is added" classname="demo-todo-app.spec.ts" time="1.855">
</testcase>
<testcase name="New Todo › should append new items to the bottom of the list" classname="demo-todo-app.spec.ts" time="1.84">
</testcase>
<testcase name="Mark all as completed › should allow me to mark all items as completed" classname="demo-todo-app.spec.ts" time="30.057">
<failure message="demo-todo-app.spec.ts:82:7 should allow me to mark all items as completed" type="FAILURE">
<![CDATA[  [firefox] › demo-todo-app.spec.ts:82:7 › Mark all as completed › should allow me to mark all items as completed 

    Test timeout of 30000ms exceeded.

    Error: locator.check: Test timeout of 30000ms exceeded.
    Call log:
      - waiting for getByLabel('Mark all as complete')
      -   locator resolved to <input id="toggle-all" type="checkbox" class="toggle-all"/>
      - attempting click action
      -   waiting for element to be visible, enabled and stable
      -   element is visible, enabled and stable
      -   scrolling into view if needed
      -   done scrolling
      -   performing click action
      -   <html lang="en" data-framework="typescript">…</html> intercepts pointer events
      - retrying click action, attempt #1
      -   waiting for element to be visible, enabled and stable
      -   element is visible, enabled and stable
      -   scrolling into view if needed
      -   done scrolling
      -   performing click action
      -   <html lang="en" data-framework="typescript">…</html> intercepts pointer events
      - retrying click action, attempt #2
      -   waiting 20ms
      -   waiting for element to be visible, enabled and stable
      -   element is visible, enabled and stable
      -   scrolling into view if needed
      -   done scrolling
      -   performing click action
      -   <html lang="en" data-framework="typescript">…</html> intercepts pointer events
      - retrying click action, attempt #3
      -   waiting 100ms
      -   waiting for element to be visible, enabled and stable
      -   element is visible, enabled and stable
      -   scrolling into view if needed
      -   done scrolling
      -   performing click action
      -   <html lang="en" data-framework="typescript">…</html> intercepts pointer events
      - retrying click action, attempt #4
      -   waiting 100ms
      -   waiting for element to be visible, enabled and stable
      -   element is visible, enabled and stable
      -   scrolling into view if needed
      -   done scrolling
      -   performing click action
      -   <html lang="en" data-framework="typescript">…</html> intercepts pointer events
      - retrying click action, attempt #5
      -   waiting 500ms
      -   waiting for element to be visible, enabled and stable
      -   element is visible, enabled and stable
      -   scrolling into view if needed
      -   done scrolling
      -   performing click action
      -   <html lang="en" data-framework="typescript">…</html> intercepts pointer events
      - retrying click action, attempt #6
      -   waiting 500ms
      -   waiting for element to be visible, enabled and stable
      -   element is visible, enabled and stable
      -   scrolling into view if needed
      -   done scrolling
      -   performing click action
      -   <html lang="en" data-framework="typescript">…</html> intercepts pointer events
      - retrying click action, attempt #7
      -   waiting 500ms
      -   waiting for element to be visible, enabled and stable
      -   element is visible, enabled and stable
      -   scrolling into view if needed
      -   done scrolling
      -   performing click action
      -   <html lang="en" data-framework="typescript">…</html> intercepts pointer events
      - retrying click action, attempt #8
      -   waiting 500ms
      -   waiting for element to be visible, enabled and stable
      -   element is visible, enabled and stable
      -   scrolling into view if needed
      -   done scrolling
      -   performing click action
      -   <html lang="en" data-framework="typescript">…</html> intercepts pointer events
      - retrying click action, attempt #9
      -   waiting 500ms
      -   waiting for element to be visible, enabled and stable
      -   element is visible, enabled and stable
      -   scrolling into view if needed
      -   done scrolling
      -   performing click action
      -   <html lang="en" data-framework="typescript">…</html> intercepts pointer events
      - retrying click action, attempt #10
      -   waiting 500ms
      -   waiting for element to be visible, enabled and stable
      -   element is visible, enabled and stable
      -   scrolling into view if needed
      -   done scrolling
      -   performing click action
      -   <html lang="en" data-framework="typescript">…</html> intercepts pointer events
      - retrying click action, attempt #11
      -   waiting 500ms
      -   waiting for element to be visible, enabled and stable
      -   element is visible, enabled and stable
      -   scrolling into view if needed
      -   done scrolling
      -   performing click action
      -   <html lang="en" data-framework="typescript">…</html> intercepts pointer events
      - retrying click action, attempt #12
      -   waiting 500ms
      -   waiting for element to be visible, enabled and stable
      -   element is visible, enabled and stable
      -   scrolling into view if needed
      -   done scrolling
      -   performing click action
      -   <html lang="en" data-framework="typescript">…</html> intercepts pointer events
      - retrying click action, attempt #13
      -   waiting 500ms
      -   waiting for element to be visible, enabled and stable
      -   element is visible, enabled and stable
      -   scrolling into view if needed
      -   done scrolling
      -   performing click action
      -   <html lang="en" data-framework="typescript">…</html> intercepts pointer events
      - retrying click action, attempt #14
      -   waiting 500ms
      -   waiting for element to be visible, enabled and stable
      -   element is visible, enabled and stable
      -   scrolling into view if needed
      -   done scrolling
      -   performing click action
      -   <html lang="en" data-framework="typescript">…</html> intercepts pointer events
      - retrying click action, attempt #15
      -   waiting 500ms
      -   waiting for element to be visible, enabled and stable
      -   element is visible, enabled and stable
      -   scrolling into view if needed
      -   done scrolling
      -   performing click action
      -   <html lang="en" data-framework="typescript">…</html> intercepts pointer events
      - retrying click action, attempt #16
      -   waiting 500ms
      -   waiting for element to be visible, enabled and stable
      -   element is visible, enabled and stable
      -   scrolling into view if needed
      -   done scrolling
      -   performing click action
      -   <html lang="en" data-framework="typescript">…</html> intercepts pointer events
      - retrying click action, attempt #17
      -   waiting 500ms
      -   waiting for element to be visible, enabled and stable
      -   element is visible, enabled and stable
      -   scrolling into view if needed
      -   done scrolling
      -   performing click action
      -   <html lang="en" data-framework="typescript">…</html> intercepts pointer events
      - retrying click action, attempt #18
      -   waiting 500ms
      -   waiting for element to be visible, enabled and stable
      -   element is visible, enabled and stable
      -   scrolling into view if needed
      -   done scrolling
      -   performing click action
      -   <html lang="en" data-framework="typescript">…</html> intercepts pointer events
      - retrying click action, attempt #19
      -   waiting 500ms
      -   waiting for element to be visible, enabled and stable
      -   element is visible, enabled and stable
      -   scrolling into view if needed
      -   done scrolling
      -   performing click action
      -   <html lang="en" data-framework="typescript">…</html> intercepts pointer events
      - retrying click action, attempt #20
      -   waiting 500ms
      -   waiting for element to be visible, enabled and stable
      -   element is visible, enabled and stable
      -   scrolling into view if needed
      -   done scrolling
      -   performing click action
      -   <html lang="en" data-framework="typescript">…</html> intercepts pointer events
      - retrying click action, attempt #21
      -   waiting 500ms
      -   waiting for element to be visible, enabled and stable
      -   element is visible, enabled and stable
      -   scrolling into view if needed
      -   done scrolling
      -   performing click action
      -   <html lang="en" data-framework="typescript">…</html> intercepts pointer events
      - retrying click action, attempt #22
      -   waiting 500ms
      -   waiting for element to be visible, enabled and stable
      -   element is visible, enabled and stable
      -   scrolling into view if needed
      -   done scrolling
      -   performing click action
      -   <html lang="en" data-framework="typescript">…</html> intercepts pointer events
      - retrying click action, attempt #23
      -   waiting 500ms
      -   waiting for element to be visible, enabled and stable
      -   element is visible, enabled and stable
      -   scrolling into view if needed
      -   done scrolling
      -   performing click action
      -   <html lang="en" data-framework="typescript">…</html> intercepts pointer events
      - retrying click action, attempt #24
      -   waiting 500ms
      -   waiting for element to be visible, enabled and stable
      -   element is visible, enabled and stable
      -   scrolling into view if needed
      -   done scrolling
      -   performing click action
      -   <html lang="en" data-framework="typescript">…</html> intercepts pointer events
      - retrying click action, attempt #25
      -   waiting 500ms
      -   waiting for element to be visible, enabled and stable
      -   element is visible, enabled and stable
      -   scrolling into view if needed
      -   done scrolling
      -   performing click action
      -   <html lang="en" data-framework="typescript">…</html> intercepts pointer events
      - retrying click action, attempt #26
      -   waiting 500ms
      -   waiting for element to be visible, enabled and stable
      -   element is visible, enabled and stable
      -   scrolling into view if needed
      -   done scrolling
      -   performing click action
      -   <html lang="en" data-framework="typescript">…</html> intercepts pointer events
      - retrying click action, attempt #27
      -   waiting 500ms
      -   waiting for element to be visible, enabled and stable
      -   element is visible, enabled and stable
      -   scrolling into view if needed
      -   done scrolling
      -   performing click action
      -   <html lang="en" data-framework="typescript">…</html> intercepts pointer events
      - retrying click action, attempt #28
      -   waiting 500ms
      -   waiting for element to be visible, enabled and stable
      -   element is visible, enabled and stable
      -   scrolling into view if needed
      -   done scrolling
      -   performing click action
      -   <html lang="en" data-framework="typescript">…</html> intercepts pointer events
      - retrying click action, attempt #29
      -   waiting 500ms
      -   waiting for element to be visible, enabled and stable
      -   element is visible, enabled and stable
      -   scrolling into view if needed
      -   done scrolling
      -   performing click action
      -   <html lang="en" data-framework="typescript">…</html> intercepts pointer events
      - retrying click action, attempt #30
      -   waiting 500ms
      -   waiting for element to be visible, enabled and stable
      -   element is visible, enabled and stable
      -   scrolling into view if needed
      -   done scrolling
      -   performing click action
      -   <html lang="en" data-framework="typescript">…</html> intercepts pointer events
      - retrying click action, attempt #31
      -   waiting 500ms
      -   waiting for element to be visible, enabled and stable
      -   element is visible, enabled and stable
      -   scrolling into view if needed
      -   done scrolling
      -   performing click action
      -   <html lang="en" data-framework="typescript">…</html> intercepts pointer events
      - retrying click action, attempt #32
      -   waiting 500ms
      -   waiting for element to be visible, enabled and stable
      -   element is visible, enabled and stable
      -   scrolling into view if needed
      -   done scrolling
      -   performing click action
      -   <html lang="en" data-framework="typescript">…</html> intercepts pointer events
      - retrying click action, attempt #33
      -   waiting 500ms
      -   waiting for element to be visible, enabled and stable
      -   element is visible, enabled and stable
      -   scrolling into view if needed
      -   done scrolling
      -   performing click action
      -   <html lang="en" data-framework="typescript">…</html> intercepts pointer events
      - retrying click action, attempt #34
      -   waiting 500ms
      -   waiting for element to be visible, enabled and stable
      -   element is visible, enabled and stable
      -   scrolling into view if needed
      -   done scrolling
      -   performing click action
      -   <html lang="en" data-framework="typescript">…</html> intercepts pointer events
      - retrying click action, attempt #35
      -   waiting 500ms
      -   waiting for element to be visible, enabled and stable
      -   element is visible, enabled and stable
      -   scrolling into view if needed
      -   done scrolling
      -   performing click action
      -   <html lang="en" data-framework="typescript">…</html> intercepts pointer events
      - retrying click action, attempt #36
      -   waiting 500ms
      -   waiting for element to be visible, enabled and stable
      -   element is visible, enabled and stable
      -   scrolling into view if needed
      -   done scrolling
      -   performing click action
      -   <html lang="en" data-framework="typescript">…</html> intercepts pointer events
      - retrying click action, attempt #37
      -   waiting 500ms
      -   waiting for element to be visible, enabled and stable
      -   element is visible, enabled and stable
      -   scrolling into view if needed
      -   done scrolling
      -   performing click action
      -   <html lang="en" data-framework="typescript">…</html> intercepts pointer events
      - retrying click action, attempt #38
      -   waiting 500ms
      -   waiting for element to be visible, enabled and stable
      -   element is visible, enabled and stable
      -   scrolling into view if needed
      -   done scrolling
      -   performing click action
      -   <html lang="en" data-framework="typescript">…</html> intercepts pointer events
      - retrying click action, attempt #39
      -   waiting 500ms
      -   waiting for element to be visible, enabled and stable
      -   element is visible, enabled and stable
      -   scrolling into view if needed
      -   done scrolling
      -   performing click action
      -   <html lang="en" data-framework="typescript">…</html> intercepts pointer events
      - retrying click action, attempt #40
      -   waiting 500ms
      -   waiting for element to be visible, enabled and stable
      -   element is visible, enabled and stable
      -   scrolling into view if needed
      -   done scrolling
      -   performing click action
      -   <html lang="en" data-framework="typescript">…</html> intercepts pointer events
      - retrying click action, attempt #41
      -   waiting 500ms
      -   waiting for element to be visible, enabled and stable
      -   element is visible, enabled and stable
      -   scrolling into view if needed
      -   done scrolling
      -   performing click action
      -   <html lang="en" data-framework="typescript">…</html> intercepts pointer events
      - retrying click action, attempt #42
      -   waiting 500ms
      -   waiting for element to be visible, enabled and stable
      -   element is visible, enabled and stable
      -   scrolling into view if needed
      -   done scrolling
      -   performing click action
      -   <html lang="en" data-framework="typescript">…</html> intercepts pointer events
      - retrying click action, attempt #43
      -   waiting 500ms
      -   waiting for element to be visible, enabled and stable
      -   element is visible, enabled and stable
      -   scrolling into view if needed
      -   done scrolling
      -   performing click action
      -   <html lang="en" data-framework="typescript">…</html> intercepts pointer events
      - retrying click action, attempt #44
      -   waiting 500ms
      -   waiting for element to be visible, enabled and stable
      -   element is visible, enabled and stable
      -   scrolling into view if needed
      -   done scrolling
      -   performing click action
      -   <html lang="en" data-framework="typescript">…</html> intercepts pointer events
      - retrying click action, attempt #45
      -   waiting 500ms
      -   waiting for element to be visible, enabled and stable
      -   element is visible, enabled and stable
      -   scrolling into view if needed
      -   done scrolling
      -   performing click action
      -   <html lang="en" data-framework="typescript">…</html> intercepts pointer events
      - retrying click action, attempt #46
      -   waiting 500ms
      -   waiting for element to be visible, enabled and stable
      -   element is visible, enabled and stable
      -   scrolling into view if needed
      -   done scrolling
      -   performing click action
      -   <html lang="en" data-framework="typescript">…</html> intercepts pointer events
      - retrying click action, attempt #47
      -   waiting 500ms
      -   waiting for element to be visible, enabled and stable
      -   element is visible, enabled and stable
      -   scrolling into view if needed
      -   done scrolling
      -   performing click action
      -   <html lang="en" data-framework="typescript">…</html> intercepts pointer events
      - retrying click action, attempt #48
      -   waiting 500ms
      -   waiting for element to be visible, enabled and stable
      -   element is visible, enabled and stable
      -   scrolling into view if needed
      -   done scrolling
      -   performing click action
      -   <html lang="en" data-framework="typescript">…</html> intercepts pointer events
      - retrying click action, attempt #49
      -   waiting 500ms
      -   waiting for element to be visible, enabled and stable
      -   element is visible, enabled and stable
      -   scrolling into view if needed
      -   done scrolling
      -   performing click action
      -   <html lang="en" data-framework="typescript">…</html> intercepts pointer events
      - retrying click action, attempt #50
      -   waiting 500ms
      -   waiting for element to be visible, enabled and stable
      -   element is visible, enabled and stable
      -   scrolling into view if needed
      -   done scrolling
      -   performing click action
      -   <html lang="en" data-framework="typescript">…</html> intercepts pointer events
      - retrying click action, attempt #51
      -   waiting 500ms
      -   waiting for element to be visible, enabled and stable
      -   element is visible, enabled and stable
      -   scrolling into view if needed
      -   done scrolling
      -   performing click action
      -   <html lang="en" data-framework="typescript">…</html> intercepts pointer events
      - retrying click action, attempt #52
      -   waiting 500ms
      -   waiting for element to be visible, enabled and stable
      -   element is visible, enabled and stable
      -   scrolling into view if needed
      -   done scrolling
      -   performing click action
      -   <html lang="en" data-framework="typescript">…</html> intercepts pointer events
      - retrying click action, attempt #53
      -   waiting 500ms
      -   waiting for element to be visible, enabled and stable
      -   element is visible, enabled and stable
      -   scrolling into view if needed
      -   done scrolling
      -   performing click action
      -   <html lang="en" data-framework="typescript">…</html> intercepts pointer events
      - retrying click action, attempt #54
      -   waiting 500ms


      82 |   test('should allow me to mark all items as completed', async ({ page }) => {
      83 |     // Complete all todos.
    > 84 |     await page.getByLabel('Mark all as complete').check();
         |                                                   ^
      85 |
      86 |     // Ensure all todos have 'completed' class.
      87 |     await expect(page.getByTestId('todo-item')).toHaveClass(['completed', 'completed', 'completed']);

        at /Users/sbharadwaj/Documents/OpenSource/playwright-syntest/tests/demo-todo-app.spec.ts:84:51

    attachment #1: screenshot (image/png) ──────────────────────────────────────────────────────────
    test-results/demo-todo-app-Mark-all-as--1144c-mark-all-items-as-completed-firefox/test-failed-1.png
    ────────────────────────────────────────────────────────────────────────────────────────────────

    attachment #2: video (video/webm) ──────────────────────────────────────────────────────────────
    test-results/demo-todo-app-Mark-all-as--1144c-mark-all-items-as-completed-firefox/video.webm
    ────────────────────────────────────────────────────────────────────────────────────────────────
]]>
</failure>
<system-out>
<![CDATA[
[[ATTACHMENT|test-results/demo-todo-app-Mark-all-as--1144c-mark-all-items-as-completed-firefox/test-failed-1.png]]

[[ATTACHMENT|test-results/demo-todo-app-Mark-all-as--1144c-mark-all-items-as-completed-firefox/video.webm]]
]]>
</system-out>
</testcase>
<testcase name="Mark all as completed › should allow me to clear the complete state of all items" classname="demo-todo-app.spec.ts" time="30.081">
<failure message="demo-todo-app.spec.ts:91:7 should allow me to clear the complete state of all items" type="FAILURE">
<![CDATA[  [firefox] › demo-todo-app.spec.ts:91:7 › Mark all as completed › should allow me to clear the complete state of all items 

    Test timeout of 30000ms exceeded.

    Error: locator.check: Test timeout of 30000ms exceeded.
    Call log:
      - waiting for getByLabel('Mark all as complete')
      -   locator resolved to <input id="toggle-all" type="checkbox" class="toggle-all"/>
      - attempting click action
      -   waiting for element to be visible, enabled and stable
      -   element is visible, enabled and stable
      -   scrolling into view if needed
      -   done scrolling
      -   performing click action
      -   <html lang="en" data-framework="typescript">…</html> intercepts pointer events
      - retrying click action, attempt #1
      -   waiting for element to be visible, enabled and stable
      -   element is visible, enabled and stable
      -   scrolling into view if needed
      -   done scrolling
      -   performing click action
      -   <html lang="en" data-framework="typescript">…</html> intercepts pointer events
      - retrying click action, attempt #2
      -   waiting 20ms
      -   waiting for element to be visible, enabled and stable
      -   element is visible, enabled and stable
      -   scrolling into view if needed
      -   done scrolling
      -   performing click action
      -   <html lang="en" data-framework="typescript">…</html> intercepts pointer events
      - retrying click action, attempt #3
      -   waiting 100ms
      -   waiting for element to be visible, enabled and stable
      -   element is visible, enabled and stable
      -   scrolling into view if needed
      -   done scrolling
      -   performing click action
      -   <html lang="en" data-framework="typescript">…</html> intercepts pointer events
      - retrying click action, attempt #4
      -   waiting 100ms
      -   waiting for element to be visible, enabled and stable
      -   element is visible, enabled and stable
      -   scrolling into view if needed
      -   done scrolling
      -   performing click action
      -   <html lang="en" data-framework="typescript">…</html> intercepts pointer events
      - retrying click action, attempt #5
      -   waiting 500ms
      -   waiting for element to be visible, enabled and stable
      -   element is visible, enabled and stable
      -   scrolling into view if needed
      -   done scrolling
      -   performing click action
      -   <html lang="en" data-framework="typescript">…</html> intercepts pointer events
      - retrying click action, attempt #6
      -   waiting 500ms
      -   waiting for element to be visible, enabled and stable
      -   element is visible, enabled and stable
      -   scrolling into view if needed
      -   done scrolling
      -   performing click action
      -   <html lang="en" data-framework="typescript">…</html> intercepts pointer events
      - retrying click action, attempt #7
      -   waiting 500ms
      -   waiting for element to be visible, enabled and stable
      -   element is visible, enabled and stable
      -   scrolling into view if needed
      -   done scrolling
      -   performing click action
      -   <html lang="en" data-framework="typescript">…</html> intercepts pointer events
      - retrying click action, attempt #8
      -   waiting 500ms
      -   waiting for element to be visible, enabled and stable
      -   element is visible, enabled and stable
      -   scrolling into view if needed
      -   done scrolling
      -   performing click action
      -   <html lang="en" data-framework="typescript">…</html> intercepts pointer events
      - retrying click action, attempt #9
      -   waiting 500ms
      -   waiting for element to be visible, enabled and stable
      -   element is visible, enabled and stable
      -   scrolling into view if needed
      -   done scrolling
      -   performing click action
      -   <html lang="en" data-framework="typescript">…</html> intercepts pointer events
      - retrying click action, attempt #10
      -   waiting 500ms
      -   waiting for element to be visible, enabled and stable
      -   element is visible, enabled and stable
      -   scrolling into view if needed
      -   done scrolling
      -   performing click action
      -   <html lang="en" data-framework="typescript">…</html> intercepts pointer events
      - retrying click action, attempt #11
      -   waiting 500ms
      -   waiting for element to be visible, enabled and stable
      -   element is visible, enabled and stable
      -   scrolling into view if needed
      -   done scrolling
      -   performing click action
      -   <html lang="en" data-framework="typescript">…</html> intercepts pointer events
      - retrying click action, attempt #12
      -   waiting 500ms
      -   waiting for element to be visible, enabled and stable
      -   element is visible, enabled and stable
      -   scrolling into view if needed
      -   done scrolling
      -   performing click action
      -   <html lang="en" data-framework="typescript">…</html> intercepts pointer events
      - retrying click action, attempt #13
      -   waiting 500ms
      -   waiting for element to be visible, enabled and stable
      -   element is visible, enabled and stable
      -   scrolling into view if needed
      -   done scrolling
      -   performing click action
      -   <html lang="en" data-framework="typescript">…</html> intercepts pointer events
      - retrying click action, attempt #14
      -   waiting 500ms
      -   waiting for element to be visible, enabled and stable
      -   element is visible, enabled and stable
      -   scrolling into view if needed
      -   done scrolling
      -   performing click action
      -   <html lang="en" data-framework="typescript">…</html> intercepts pointer events
      - retrying click action, attempt #15
      -   waiting 500ms
      -   waiting for element to be visible, enabled and stable
      -   element is visible, enabled and stable
      -   scrolling into view if needed
      -   done scrolling
      -   performing click action
      -   <html lang="en" data-framework="typescript">…</html> intercepts pointer events
      - retrying click action, attempt #16
      -   waiting 500ms
      -   waiting for element to be visible, enabled and stable
      -   element is visible, enabled and stable
      -   scrolling into view if needed
      -   done scrolling
      -   performing click action
      -   <html lang="en" data-framework="typescript">…</html> intercepts pointer events
      - retrying click action, attempt #17
      -   waiting 500ms
      -   waiting for element to be visible, enabled and stable
      -   element is visible, enabled and stable
      -   scrolling into view if needed
      -   done scrolling
      -   performing click action
      -   <html lang="en" data-framework="typescript">…</html> intercepts pointer events
      - retrying click action, attempt #18
      -   waiting 500ms
      -   waiting for element to be visible, enabled and stable
      -   element is visible, enabled and stable
      -   scrolling into view if needed
      -   done scrolling
      -   performing click action
      -   <html lang="en" data-framework="typescript">…</html> intercepts pointer events
      - retrying click action, attempt #19
      -   waiting 500ms
      -   waiting for element to be visible, enabled and stable
      -   element is visible, enabled and stable
      -   scrolling into view if needed
      -   done scrolling
      -   performing click action
      -   <html lang="en" data-framework="typescript">…</html> intercepts pointer events
      - retrying click action, attempt #20
      -   waiting 500ms
      -   waiting for element to be visible, enabled and stable
      -   element is visible, enabled and stable
      -   scrolling into view if needed
      -   done scrolling
      -   performing click action
      -   <html lang="en" data-framework="typescript">…</html> intercepts pointer events
      - retrying click action, attempt #21
      -   waiting 500ms
      -   waiting for element to be visible, enabled and stable
      -   element is visible, enabled and stable
      -   scrolling into view if needed
      -   done scrolling
      -   performing click action
      -   <html lang="en" data-framework="typescript">…</html> intercepts pointer events
      - retrying click action, attempt #22
      -   waiting 500ms
      -   waiting for element to be visible, enabled and stable
      -   element is visible, enabled and stable
      -   scrolling into view if needed
      -   done scrolling
      -   performing click action
      -   <html lang="en" data-framework="typescript">…</html> intercepts pointer events
      - retrying click action, attempt #23
      -   waiting 500ms
      -   waiting for element to be visible, enabled and stable
      -   element is visible, enabled and stable
      -   scrolling into view if needed
      -   done scrolling
      -   performing click action
      -   <html lang="en" data-framework="typescript">…</html> intercepts pointer events
      - retrying click action, attempt #24
      -   waiting 500ms
      -   waiting for element to be visible, enabled and stable
      -   element is visible, enabled and stable
      -   scrolling into view if needed
      -   done scrolling
      -   performing click action
      -   <html lang="en" data-framework="typescript">…</html> intercepts pointer events
      - retrying click action, attempt #25
      -   waiting 500ms
      -   waiting for element to be visible, enabled and stable
      -   element is visible, enabled and stable
      -   scrolling into view if needed
      -   done scrolling
      -   performing click action
      -   <html lang="en" data-framework="typescript">…</html> intercepts pointer events
      - retrying click action, attempt #26
      -   waiting 500ms
      -   waiting for element to be visible, enabled and stable
      -   element is visible, enabled and stable
      -   scrolling into view if needed
      -   done scrolling
      -   performing click action
      -   <html lang="en" data-framework="typescript">…</html> intercepts pointer events
      - retrying click action, attempt #27
      -   waiting 500ms
      -   waiting for element to be visible, enabled and stable
      -   element is visible, enabled and stable
      -   scrolling into view if needed
      -   done scrolling
      -   performing click action
      -   <html lang="en" data-framework="typescript">…</html> intercepts pointer events
      - retrying click action, attempt #28
      -   waiting 500ms
      -   waiting for element to be visible, enabled and stable
      -   element is visible, enabled and stable
      -   scrolling into view if needed
      -   done scrolling
      -   performing click action
      -   <html lang="en" data-framework="typescript">…</html> intercepts pointer events
      - retrying click action, attempt #29
      -   waiting 500ms
      -   waiting for element to be visible, enabled and stable
      -   element is visible, enabled and stable
      -   scrolling into view if needed
      -   done scrolling
      -   performing click action
      -   <html lang="en" data-framework="typescript">…</html> intercepts pointer events
      - retrying click action, attempt #30
      -   waiting 500ms
      -   waiting for element to be visible, enabled and stable
      -   element is visible, enabled and stable
      -   scrolling into view if needed
      -   done scrolling
      -   performing click action
      -   <html lang="en" data-framework="typescript">…</html> intercepts pointer events
      - retrying click action, attempt #31
      -   waiting 500ms
      -   waiting for element to be visible, enabled and stable
      -   element is visible, enabled and stable
      -   scrolling into view if needed
      -   done scrolling
      -   performing click action
      -   <html lang="en" data-framework="typescript">…</html> intercepts pointer events
      - retrying click action, attempt #32
      -   waiting 500ms
      -   waiting for element to be visible, enabled and stable
      -   element is visible, enabled and stable
      -   scrolling into view if needed
      -   done scrolling
      -   performing click action
      -   <html lang="en" data-framework="typescript">…</html> intercepts pointer events
      - retrying click action, attempt #33
      -   waiting 500ms
      -   waiting for element to be visible, enabled and stable
      -   element is visible, enabled and stable
      -   scrolling into view if needed
      -   done scrolling
      -   performing click action
      -   <html lang="en" data-framework="typescript">…</html> intercepts pointer events
      - retrying click action, attempt #34
      -   waiting 500ms
      -   waiting for element to be visible, enabled and stable
      -   element is visible, enabled and stable
      -   scrolling into view if needed
      -   done scrolling
      -   performing click action
      -   <html lang="en" data-framework="typescript">…</html> intercepts pointer events
      - retrying click action, attempt #35
      -   waiting 500ms
      -   waiting for element to be visible, enabled and stable
      -   element is visible, enabled and stable
      -   scrolling into view if needed
      -   done scrolling
      -   performing click action
      -   <html lang="en" data-framework="typescript">…</html> intercepts pointer events
      - retrying click action, attempt #36
      -   waiting 500ms
      -   waiting for element to be visible, enabled and stable
      -   element is visible, enabled and stable
      -   scrolling into view if needed
      -   done scrolling
      -   performing click action
      -   <html lang="en" data-framework="typescript">…</html> intercepts pointer events
      - retrying click action, attempt #37
      -   waiting 500ms
      -   waiting for element to be visible, enabled and stable
      -   element is visible, enabled and stable
      -   scrolling into view if needed
      -   done scrolling
      -   performing click action
      -   <html lang="en" data-framework="typescript">…</html> intercepts pointer events
      - retrying click action, attempt #38
      -   waiting 500ms
      -   waiting for element to be visible, enabled and stable
      -   element is visible, enabled and stable
      -   scrolling into view if needed
      -   done scrolling
      -   performing click action
      -   <html lang="en" data-framework="typescript">…</html> intercepts pointer events
      - retrying click action, attempt #39
      -   waiting 500ms
      -   waiting for element to be visible, enabled and stable
      -   element is visible, enabled and stable
      -   scrolling into view if needed
      -   done scrolling
      -   performing click action
      -   <html lang="en" data-framework="typescript">…</html> intercepts pointer events
      - retrying click action, attempt #40
      -   waiting 500ms
      -   waiting for element to be visible, enabled and stable
      -   element is visible, enabled and stable
      -   scrolling into view if needed
      -   done scrolling
      -   performing click action
      -   <html lang="en" data-framework="typescript">…</html> intercepts pointer events
      - retrying click action, attempt #41
      -   waiting 500ms
      -   waiting for element to be visible, enabled and stable
      -   element is visible, enabled and stable
      -   scrolling into view if needed
      -   done scrolling
      -   performing click action
      -   <html lang="en" data-framework="typescript">…</html> intercepts pointer events
      - retrying click action, attempt #42
      -   waiting 500ms
      -   waiting for element to be visible, enabled and stable
      -   element is visible, enabled and stable
      -   scrolling into view if needed
      -   done scrolling
      -   performing click action
      -   <html lang="en" data-framework="typescript">…</html> intercepts pointer events
      - retrying click action, attempt #43
      -   waiting 500ms
      -   waiting for element to be visible, enabled and stable
      -   element is visible, enabled and stable
      -   scrolling into view if needed
      -   done scrolling
      -   performing click action
      -   <html lang="en" data-framework="typescript">…</html> intercepts pointer events
      - retrying click action, attempt #44
      -   waiting 500ms
      -   waiting for element to be visible, enabled and stable
      -   element is visible, enabled and stable
      -   scrolling into view if needed
      -   done scrolling
      -   performing click action
      -   <html lang="en" data-framework="typescript">…</html> intercepts pointer events
      - retrying click action, attempt #45
      -   waiting 500ms
      -   waiting for element to be visible, enabled and stable
      -   element is visible, enabled and stable
      -   scrolling into view if needed
      -   done scrolling
      -   performing click action
      -   <html lang="en" data-framework="typescript">…</html> intercepts pointer events
      - retrying click action, attempt #46
      -   waiting 500ms
      -   waiting for element to be visible, enabled and stable
      -   element is visible, enabled and stable
      -   scrolling into view if needed
      -   done scrolling
      -   performing click action
      -   <html lang="en" data-framework="typescript">…</html> intercepts pointer events
      - retrying click action, attempt #47
      -   waiting 500ms
      -   waiting for element to be visible, enabled and stable
      -   element is visible, enabled and stable
      -   scrolling into view if needed
      -   done scrolling
      -   performing click action
      -   <html lang="en" data-framework="typescript">…</html> intercepts pointer events
      - retrying click action, attempt #48
      -   waiting 500ms
      -   waiting for element to be visible, enabled and stable
      -   element is visible, enabled and stable
      -   scrolling into view if needed
      -   done scrolling
      -   performing click action
      -   <html lang="en" data-framework="typescript">…</html> intercepts pointer events
      - retrying click action, attempt #49
      -   waiting 500ms
      -   waiting for element to be visible, enabled and stable
      -   element is visible, enabled and stable
      -   scrolling into view if needed
      -   done scrolling
      -   performing click action
      -   <html lang="en" data-framework="typescript">…</html> intercepts pointer events
      - retrying click action, attempt #50
      -   waiting 500ms
      -   waiting for element to be visible, enabled and stable
      -   element is visible, enabled and stable
      -   scrolling into view if needed
      -   done scrolling
      -   performing click action
      -   <html lang="en" data-framework="typescript">…</html> intercepts pointer events
      - retrying click action, attempt #51
      -   waiting 500ms
      -   waiting for element to be visible, enabled and stable
      -   element is visible, enabled and stable
      -   scrolling into view if needed
      -   done scrolling
      -   performing click action
      -   <html lang="en" data-framework="typescript">…</html> intercepts pointer events
      - retrying click action, attempt #52
      -   waiting 500ms
      -   waiting for element to be visible, enabled and stable
      -   element is visible, enabled and stable
      -   scrolling into view if needed
      -   done scrolling
      -   performing click action
      -   <html lang="en" data-framework="typescript">…</html> intercepts pointer events
      - retrying click action, attempt #53
      -   waiting 500ms
      -   waiting for element to be visible, enabled and stable
      -   element is visible, enabled and stable
      -   scrolling into view if needed
      -   done scrolling
      -   performing click action
      -   <html lang="en" data-framework="typescript">…</html> intercepts pointer events
      - retrying click action, attempt #54
      -   waiting 500ms
      -   waiting for element to be visible, enabled and stable
      -   element is visible, enabled and stable
      -   scrolling into view if needed
      -   done scrolling
      -   performing click action
      -   <html lang="en" data-framework="typescript">…</html> intercepts pointer events
      - retrying click action, attempt #55
      -   waiting 500ms


      92 |     const toggleAll = page.getByLabel('Mark all as complete');
      93 |     // Check and then immediately uncheck.
    > 94 |     await toggleAll.check();
         |                     ^
      95 |     await toggleAll.uncheck();
      96 |
      97 |     // Should be no completed classes.

        at /Users/sbharadwaj/Documents/OpenSource/playwright-syntest/tests/demo-todo-app.spec.ts:94:21

    attachment #1: screenshot (image/png) ──────────────────────────────────────────────────────────
    test-results/demo-todo-app-Mark-all-as--1aefc-complete-state-of-all-items-firefox/test-failed-1.png
    ────────────────────────────────────────────────────────────────────────────────────────────────

    attachment #2: video (video/webm) ──────────────────────────────────────────────────────────────
    test-results/demo-todo-app-Mark-all-as--1aefc-complete-state-of-all-items-firefox/video.webm
    ────────────────────────────────────────────────────────────────────────────────────────────────
]]>
</failure>
<system-out>
<![CDATA[
[[ATTACHMENT|test-results/demo-todo-app-Mark-all-as--1aefc-complete-state-of-all-items-firefox/test-failed-1.png]]

[[ATTACHMENT|test-results/demo-todo-app-Mark-all-as--1aefc-complete-state-of-all-items-firefox/video.webm]]
]]>
</system-out>
</testcase>
<testcase name="Mark all as completed › complete all checkbox should update state when items are completed / cleared" classname="demo-todo-app.spec.ts" time="30.082">
<failure message="demo-todo-app.spec.ts:101:7 complete all checkbox should update state when items are completed / cleared" type="FAILURE">
<![CDATA[  [firefox] › demo-todo-app.spec.ts:101:7 › Mark all as completed › complete all checkbox should update state when items are completed / cleared 

    Test timeout of 30000ms exceeded.

    Error: locator.check: Test timeout of 30000ms exceeded.
    Call log:
      - waiting for getByLabel('Mark all as complete')
      -   locator resolved to <input id="toggle-all" type="checkbox" class="toggle-all"/>
      - attempting click action
      -   waiting for element to be visible, enabled and stable
      -   element is visible, enabled and stable
      -   scrolling into view if needed
      -   done scrolling
      -   performing click action
      -   <html lang="en" data-framework="typescript">…</html> intercepts pointer events
      - retrying click action, attempt #1
      -   waiting for element to be visible, enabled and stable
      -   element is visible, enabled and stable
      -   scrolling into view if needed
      -   done scrolling
      -   performing click action
      -   <html lang="en" data-framework="typescript">…</html> intercepts pointer events
      - retrying click action, attempt #2
      -   waiting 20ms
      -   waiting for element to be visible, enabled and stable
      -   element is visible, enabled and stable
      -   scrolling into view if needed
      -   done scrolling
      -   performing click action
      -   <html lang="en" data-framework="typescript">…</html> intercepts pointer events
      - retrying click action, attempt #3
      -   waiting 100ms
      -   waiting for element to be visible, enabled and stable
      -   element is visible, enabled and stable
      -   scrolling into view if needed
      -   done scrolling
      -   performing click action
      -   <html lang="en" data-framework="typescript">…</html> intercepts pointer events
      - retrying click action, attempt #4
      -   waiting 100ms
      -   waiting for element to be visible, enabled and stable
      -   element is visible, enabled and stable
      -   scrolling into view if needed
      -   done scrolling
      -   performing click action
      -   <html lang="en" data-framework="typescript">…</html> intercepts pointer events
      - retrying click action, attempt #5
      -   waiting 500ms
      -   waiting for element to be visible, enabled and stable
      -   element is visible, enabled and stable
      -   scrolling into view if needed
      -   done scrolling
      -   performing click action
      -   <html lang="en" data-framework="typescript">…</html> intercepts pointer events
      - retrying click action, attempt #6
      -   waiting 500ms
      -   waiting for element to be visible, enabled and stable
      -   element is visible, enabled and stable
      -   scrolling into view if needed
      -   done scrolling
      -   performing click action
      -   <html lang="en" data-framework="typescript">…</html> intercepts pointer events
      - retrying click action, attempt #7
      -   waiting 500ms
      -   waiting for element to be visible, enabled and stable
      -   element is visible, enabled and stable
      -   scrolling into view if needed
      -   done scrolling
      -   performing click action
      -   <html lang="en" data-framework="typescript">…</html> intercepts pointer events
      - retrying click action, attempt #8
      -   waiting 500ms
      -   waiting for element to be visible, enabled and stable
      -   element is visible, enabled and stable
      -   scrolling into view if needed
      -   done scrolling
      -   performing click action
      -   <html lang="en" data-framework="typescript">…</html> intercepts pointer events
      - retrying click action, attempt #9
      -   waiting 500ms
      -   waiting for element to be visible, enabled and stable
      -   element is visible, enabled and stable
      -   scrolling into view if needed
      -   done scrolling
      -   performing click action
      -   <html lang="en" data-framework="typescript">…</html> intercepts pointer events
      - retrying click action, attempt #10
      -   waiting 500ms
      -   waiting for element to be visible, enabled and stable
      -   element is visible, enabled and stable
      -   scrolling into view if needed
      -   done scrolling
      -   performing click action
      -   <html lang="en" data-framework="typescript">…</html> intercepts pointer events
      - retrying click action, attempt #11
      -   waiting 500ms
      -   waiting for element to be visible, enabled and stable
      -   element is visible, enabled and stable
      -   scrolling into view if needed
      -   done scrolling
      -   performing click action
      -   <html lang="en" data-framework="typescript">…</html> intercepts pointer events
      - retrying click action, attempt #12
      -   waiting 500ms
      -   waiting for element to be visible, enabled and stable
      -   element is visible, enabled and stable
      -   scrolling into view if needed
      -   done scrolling
      -   performing click action
      -   <html lang="en" data-framework="typescript">…</html> intercepts pointer events
      - retrying click action, attempt #13
      -   waiting 500ms
      -   waiting for element to be visible, enabled and stable
      -   element is visible, enabled and stable
      -   scrolling into view if needed
      -   done scrolling
      -   performing click action
      -   <html lang="en" data-framework="typescript">…</html> intercepts pointer events
      - retrying click action, attempt #14
      -   waiting 500ms
      -   waiting for element to be visible, enabled and stable
      -   element is visible, enabled and stable
      -   scrolling into view if needed
      -   done scrolling
      -   performing click action
      -   <html lang="en" data-framework="typescript">…</html> intercepts pointer events
      - retrying click action, attempt #15
      -   waiting 500ms
      -   waiting for element to be visible, enabled and stable
      -   element is visible, enabled and stable
      -   scrolling into view if needed
      -   done scrolling
      -   performing click action
      -   <html lang="en" data-framework="typescript">…</html> intercepts pointer events
      - retrying click action, attempt #16
      -   waiting 500ms
      -   waiting for element to be visible, enabled and stable
      -   element is visible, enabled and stable
      -   scrolling into view if needed
      -   done scrolling
      -   performing click action
      -   <html lang="en" data-framework="typescript">…</html> intercepts pointer events
      - retrying click action, attempt #17
      -   waiting 500ms
      -   waiting for element to be visible, enabled and stable
      -   element is visible, enabled and stable
      -   scrolling into view if needed
      -   done scrolling
      -   performing click action
      -   <html lang="en" data-framework="typescript">…</html> intercepts pointer events
      - retrying click action, attempt #18
      -   waiting 500ms
      -   waiting for element to be visible, enabled and stable
      -   element is visible, enabled and stable
      -   scrolling into view if needed
      -   done scrolling
      -   performing click action
      -   <html lang="en" data-framework="typescript">…</html> intercepts pointer events
      - retrying click action, attempt #19
      -   waiting 500ms
      -   waiting for element to be visible, enabled and stable
      -   element is visible, enabled and stable
      -   scrolling into view if needed
      -   done scrolling
      -   performing click action
      -   <html lang="en" data-framework="typescript">…</html> intercepts pointer events
      - retrying click action, attempt #20
      -   waiting 500ms
      -   waiting for element to be visible, enabled and stable
      -   element is visible, enabled and stable
      -   scrolling into view if needed
      -   done scrolling
      -   performing click action
      -   <html lang="en" data-framework="typescript">…</html> intercepts pointer events
      - retrying click action, attempt #21
      -   waiting 500ms
      -   waiting for element to be visible, enabled and stable
      -   element is visible, enabled and stable
      -   scrolling into view if needed
      -   done scrolling
      -   performing click action
      -   <html lang="en" data-framework="typescript">…</html> intercepts pointer events
      - retrying click action, attempt #22
      -   waiting 500ms
      -   waiting for element to be visible, enabled and stable
      -   element is visible, enabled and stable
      -   scrolling into view if needed
      -   done scrolling
      -   performing click action
      -   <html lang="en" data-framework="typescript">…</html> intercepts pointer events
      - retrying click action, attempt #23
      -   waiting 500ms
      -   waiting for element to be visible, enabled and stable
      -   element is visible, enabled and stable
      -   scrolling into view if needed
      -   done scrolling
      -   performing click action
      -   <html lang="en" data-framework="typescript">…</html> intercepts pointer events
      - retrying click action, attempt #24
      -   waiting 500ms
      -   waiting for element to be visible, enabled and stable
      -   element is visible, enabled and stable
      -   scrolling into view if needed
      -   done scrolling
      -   performing click action
      -   <html lang="en" data-framework="typescript">…</html> intercepts pointer events
      - retrying click action, attempt #25
      -   waiting 500ms
      -   waiting for element to be visible, enabled and stable
      -   element is visible, enabled and stable
      -   scrolling into view if needed
      -   done scrolling
      -   performing click action
      -   <html lang="en" data-framework="typescript">…</html> intercepts pointer events
      - retrying click action, attempt #26
      -   waiting 500ms
      -   waiting for element to be visible, enabled and stable
      -   element is visible, enabled and stable
      -   scrolling into view if needed
      -   done scrolling
      -   performing click action
      -   <html lang="en" data-framework="typescript">…</html> intercepts pointer events
      - retrying click action, attempt #27
      -   waiting 500ms
      -   waiting for element to be visible, enabled and stable
      -   element is visible, enabled and stable
      -   scrolling into view if needed
      -   done scrolling
      -   performing click action
      -   <html lang="en" data-framework="typescript">…</html> intercepts pointer events
      - retrying click action, attempt #28
      -   waiting 500ms
      -   waiting for element to be visible, enabled and stable
      -   element is visible, enabled and stable
      -   scrolling into view if needed
      -   done scrolling
      -   performing click action
      -   <html lang="en" data-framework="typescript">…</html> intercepts pointer events
      - retrying click action, attempt #29
      -   waiting 500ms
      -   waiting for element to be visible, enabled and stable
      -   element is visible, enabled and stable
      -   scrolling into view if needed
      -   done scrolling
      -   performing click action
      -   <html lang="en" data-framework="typescript">…</html> intercepts pointer events
      - retrying click action, attempt #30
      -   waiting 500ms
      -   waiting for element to be visible, enabled and stable
      -   element is visible, enabled and stable
      -   scrolling into view if needed
      -   done scrolling
      -   performing click action
      -   <html lang="en" data-framework="typescript">…</html> intercepts pointer events
      - retrying click action, attempt #31
      -   waiting 500ms
      -   waiting for element to be visible, enabled and stable
      -   element is visible, enabled and stable
      -   scrolling into view if needed
      -   done scrolling
      -   performing click action
      -   <html lang="en" data-framework="typescript">…</html> intercepts pointer events
      - retrying click action, attempt #32
      -   waiting 500ms
      -   waiting for element to be visible, enabled and stable
      -   element is visible, enabled and stable
      -   scrolling into view if needed
      -   done scrolling
      -   performing click action
      -   <html lang="en" data-framework="typescript">…</html> intercepts pointer events
      - retrying click action, attempt #33
      -   waiting 500ms
      -   waiting for element to be visible, enabled and stable
      -   element is visible, enabled and stable
      -   scrolling into view if needed
      -   done scrolling
      -   performing click action
      -   <html lang="en" data-framework="typescript">…</html> intercepts pointer events
      - retrying click action, attempt #34
      -   waiting 500ms
      -   waiting for element to be visible, enabled and stable
      -   element is visible, enabled and stable
      -   scrolling into view if needed
      -   done scrolling
      -   performing click action
      -   <html lang="en" data-framework="typescript">…</html> intercepts pointer events
      - retrying click action, attempt #35
      -   waiting 500ms
      -   waiting for element to be visible, enabled and stable
      -   element is visible, enabled and stable
      -   scrolling into view if needed
      -   done scrolling
      -   performing click action
      -   <html lang="en" data-framework="typescript">…</html> intercepts pointer events
      - retrying click action, attempt #36
      -   waiting 500ms
      -   waiting for element to be visible, enabled and stable
      -   element is visible, enabled and stable
      -   scrolling into view if needed
      -   done scrolling
      -   performing click action
      -   <html lang="en" data-framework="typescript">…</html> intercepts pointer events
      - retrying click action, attempt #37
      -   waiting 500ms
      -   waiting for element to be visible, enabled and stable
      -   element is visible, enabled and stable
      -   scrolling into view if needed
      -   done scrolling
      -   performing click action
      -   <html lang="en" data-framework="typescript">…</html> intercepts pointer events
      - retrying click action, attempt #38
      -   waiting 500ms
      -   waiting for element to be visible, enabled and stable
      -   element is visible, enabled and stable
      -   scrolling into view if needed
      -   done scrolling
      -   performing click action
      -   <html lang="en" data-framework="typescript">…</html> intercepts pointer events
      - retrying click action, attempt #39
      -   waiting 500ms
      -   waiting for element to be visible, enabled and stable
      -   element is visible, enabled and stable
      -   scrolling into view if needed
      -   done scrolling
      -   performing click action
      -   <html lang="en" data-framework="typescript">…</html> intercepts pointer events
      - retrying click action, attempt #40
      -   waiting 500ms
      -   waiting for element to be visible, enabled and stable
      -   element is visible, enabled and stable
      -   scrolling into view if needed
      -   done scrolling
      -   performing click action
      -   <html lang="en" data-framework="typescript">…</html> intercepts pointer events
      - retrying click action, attempt #41
      -   waiting 500ms
      -   waiting for element to be visible, enabled and stable
      -   element is visible, enabled and stable
      -   scrolling into view if needed
      -   done scrolling
      -   performing click action
      -   <html lang="en" data-framework="typescript">…</html> intercepts pointer events
      - retrying click action, attempt #42
      -   waiting 500ms
      -   waiting for element to be visible, enabled and stable
      -   element is visible, enabled and stable
      -   scrolling into view if needed
      -   done scrolling
      -   performing click action
      -   <html lang="en" data-framework="typescript">…</html> intercepts pointer events
      - retrying click action, attempt #43
      -   waiting 500ms
      -   waiting for element to be visible, enabled and stable
      -   element is visible, enabled and stable
      -   scrolling into view if needed
      -   done scrolling
      -   performing click action
      -   <html lang="en" data-framework="typescript">…</html> intercepts pointer events
      - retrying click action, attempt #44
      -   waiting 500ms
      -   waiting for element to be visible, enabled and stable
      -   element is visible, enabled and stable
      -   scrolling into view if needed
      -   done scrolling
      -   performing click action
      -   <html lang="en" data-framework="typescript">…</html> intercepts pointer events
      - retrying click action, attempt #45
      -   waiting 500ms
      -   waiting for element to be visible, enabled and stable
      -   element is visible, enabled and stable
      -   scrolling into view if needed
      -   done scrolling
      -   performing click action
      -   <html lang="en" data-framework="typescript">…</html> intercepts pointer events
      - retrying click action, attempt #46
      -   waiting 500ms
      -   waiting for element to be visible, enabled and stable
      -   element is visible, enabled and stable
      -   scrolling into view if needed
      -   done scrolling
      -   performing click action
      -   <html lang="en" data-framework="typescript">…</html> intercepts pointer events
      - retrying click action, attempt #47
      -   waiting 500ms
      -   waiting for element to be visible, enabled and stable
      -   element is visible, enabled and stable
      -   scrolling into view if needed
      -   done scrolling
      -   performing click action
      -   <html lang="en" data-framework="typescript">…</html> intercepts pointer events
      - retrying click action, attempt #48
      -   waiting 500ms
      -   waiting for element to be visible, enabled and stable
      -   element is visible, enabled and stable
      -   scrolling into view if needed
      -   done scrolling
      -   performing click action
      -   <html lang="en" data-framework="typescript">…</html> intercepts pointer events
      - retrying click action, attempt #49
      -   waiting 500ms
      -   waiting for element to be visible, enabled and stable
      -   element is visible, enabled and stable
      -   scrolling into view if needed
      -   done scrolling
      -   performing click action
      -   <html lang="en" data-framework="typescript">…</html> intercepts pointer events
      - retrying click action, attempt #50
      -   waiting 500ms
      -   waiting for element to be visible, enabled and stable
      -   element is visible, enabled and stable
      -   scrolling into view if needed
      -   done scrolling
      -   performing click action
      -   <html lang="en" data-framework="typescript">…</html> intercepts pointer events
      - retrying click action, attempt #51
      -   waiting 500ms
      -   waiting for element to be visible, enabled and stable
      -   element is visible, enabled and stable
      -   scrolling into view if needed
      -   done scrolling
      -   performing click action
      -   <html lang="en" data-framework="typescript">…</html> intercepts pointer events
      - retrying click action, attempt #52
      -   waiting 500ms
      -   waiting for element to be visible, enabled and stable
      -   element is visible, enabled and stable
      -   scrolling into view if needed
      -   done scrolling
      -   performing click action
      -   <html lang="en" data-framework="typescript">…</html> intercepts pointer events
      - retrying click action, attempt #53
      -   waiting 500ms
      -   waiting for element to be visible, enabled and stable
      -   element is visible, enabled and stable
      -   scrolling into view if needed
      -   done scrolling
      -   performing click action
      -   <html lang="en" data-framework="typescript">…</html> intercepts pointer events
      - retrying click action, attempt #54
      -   waiting 500ms
      -   waiting for element to be visible, enabled and stable
      -   element is visible, enabled and stable
      -   scrolling into view if needed
      -   done scrolling
      -   performing click action
      -   <html lang="en" data-framework="typescript">…</html> intercepts pointer events
      - retrying click action, attempt #55
      -   waiting 500ms
      -   waiting for element to be visible, enabled and stable
      -   element is visible, enabled and stable
      -   scrolling into view if needed
      -   done scrolling
      -   performing click action
      -   <html lang="en" data-framework="typescript">…</html> intercepts pointer events
      - retrying click action, attempt #56
      -   waiting 500ms


      101 |   test('complete all checkbox should update state when items are completed / cleared', async ({ page }) => {
      102 |     const toggleAll = page.getByLabel('Mark all as complete');
    > 103 |     await toggleAll.check();
          |                     ^
      104 |     await expect(toggleAll).toBeChecked();
      105 |     await checkNumberOfCompletedTodosInLocalStorage(page, 3);
      106 |

        at /Users/sbharadwaj/Documents/OpenSource/playwright-syntest/tests/demo-todo-app.spec.ts:103:21

    attachment #1: screenshot (image/png) ──────────────────────────────────────────────────────────
    test-results/demo-todo-app-Mark-all-as--f0803-items-are-completed-cleared-firefox/test-failed-1.png
    ────────────────────────────────────────────────────────────────────────────────────────────────

    attachment #2: video (video/webm) ──────────────────────────────────────────────────────────────
    test-results/demo-todo-app-Mark-all-as--f0803-items-are-completed-cleared-firefox/video.webm
    ────────────────────────────────────────────────────────────────────────────────────────────────
]]>
</failure>
<system-out>
<![CDATA[
[[ATTACHMENT|test-results/demo-todo-app-Mark-all-as--f0803-items-are-completed-cleared-firefox/test-failed-1.png]]

[[ATTACHMENT|test-results/demo-todo-app-Mark-all-as--f0803-items-are-completed-cleared-firefox/video.webm]]
]]>
</system-out>
</testcase>
<testcase name="Item › should allow me to mark items as complete" classname="demo-todo-app.spec.ts" time="1.471">
</testcase>
<testcase name="Item › should allow me to un-mark items as complete" classname="demo-todo-app.spec.ts" time="0.815">
</testcase>
<testcase name="Item › should allow me to edit an item" classname="demo-todo-app.spec.ts" time="30.153">
<failure message="demo-todo-app.spec.ts:174:7 should allow me to edit an item" type="FAILURE">
<![CDATA[  [firefox] › demo-todo-app.spec.ts:174:7 › Item › should allow me to edit an item ─────────────────

    Test timeout of 30000ms exceeded.

    Error: locator.fill: Test timeout of 30000ms exceeded.
    Call log:
      - waiting for getByTestId('todo-item').nth(1).getByRole('textbox', { name: 'E3dit' })


      179 |     await secondTodo.dblclick();
      180 |     await expect(secondTodo.getByRole('textbox', { name: 'Edit' })).toHaveValue(TODO_ITEMS[1]);
    > 181 |     await secondTodo.getByRole('textbox', { name: 'E3dit' }).fill('buy some sausages');
          |                                                              ^
      182 |     await secondTodo.getByRole('textbox', { name: 'Edit' }).press('Enter');
      183 |
      184 |     // Explicitly assert the new text value.

        at /Users/sbharadwaj/Documents/OpenSource/playwright-syntest/tests/demo-todo-app.spec.ts:181:62

    attachment #1: screenshot (image/png) ──────────────────────────────────────────────────────────
    test-results/demo-todo-app-Item-should-allow-me-to-edit-an-item-firefox/test-failed-1.png
    ────────────────────────────────────────────────────────────────────────────────────────────────

    attachment #2: video (video/webm) ──────────────────────────────────────────────────────────────
    test-results/demo-todo-app-Item-should-allow-me-to-edit-an-item-firefox/video.webm
    ────────────────────────────────────────────────────────────────────────────────────────────────
]]>
</failure>
<system-out>
<![CDATA[
[[ATTACHMENT|test-results/demo-todo-app-Item-should-allow-me-to-edit-an-item-firefox/test-failed-1.png]]

[[ATTACHMENT|test-results/demo-todo-app-Item-should-allow-me-to-edit-an-item-firefox/video.webm]]
]]>
</system-out>
</testcase>
<testcase name="Editing › should hide other controls when editing" classname="demo-todo-app.spec.ts" time="1.945">
</testcase>
<testcase name="Editing › should save edits on blur" classname="demo-todo-app.spec.ts" time="1.912">
</testcase>
<testcase name="Editing › should trim entered text" classname="demo-todo-app.spec.ts" time="1.972">
</testcase>
<testcase name="Editing › should remove the item if an empty text string was entered" classname="demo-todo-app.spec.ts" time="1.454">
</testcase>
<testcase name="Editing › should cancel edits on escape" classname="demo-todo-app.spec.ts" time="1.16">
</testcase>
<testcase name="Counter › should display the current number of todo items" classname="demo-todo-app.spec.ts" time="1.062">
</testcase>
<testcase name="Clear completed button › should display the correct text" classname="demo-todo-app.spec.ts" time="1.041">
</testcase>
<testcase name="Clear completed button › should remove completed items when clicked" classname="demo-todo-app.spec.ts" time="1.088">
</testcase>
<testcase name="Clear completed button › should be hidden when there are no items that are completed" classname="demo-todo-app.spec.ts" time="1.134">
</testcase>
<testcase name="Persistence › should persist its data" classname="demo-todo-app.spec.ts" time="1.427">
</testcase>
<testcase name="Routing › should allow me to display active items" classname="demo-todo-app.spec.ts" time="1.262">
</testcase>
<testcase name="Routing › should respect the back button" classname="demo-todo-app.spec.ts" time="1.195">
</testcase>
<testcase name="Routing › should allow me to display completed items" classname="demo-todo-app.spec.ts" time="0.976">
</testcase>
<testcase name="Routing › should allow me to display all items" classname="demo-todo-app.spec.ts" time="1.124">
</testcase>
<testcase name="Routing › should highlight the currently applied filter" classname="demo-todo-app.spec.ts" time="1.144">
</testcase>
</testsuite>
<testsuite name="example.spec.ts" timestamp="2024-09-07T07:31:59.167Z" hostname="firefox" tests="2" failures="0" skipped="0" time="3.076" errors="0">
<testcase name="has title" classname="example.spec.ts" time="1.358">
</testcase>
<testcase name="get started link" classname="example.spec.ts" time="1.718">
</testcase>
</testsuite>
<testsuite name="demo-todo-app.spec.ts" timestamp="2024-09-07T07:31:59.167Z" hostname="webkit" tests="24" failures="1" skipped="0" time="59.847" errors="0">
<testcase name="New Todo › should allow me to add todo items" classname="demo-todo-app.spec.ts" time="2.822">
</testcase>
<testcase name="New Todo › should clear text input field when an item is added" classname="demo-todo-app.spec.ts" time="2.772">
</testcase>
<testcase name="New Todo › should append new items to the bottom of the list" classname="demo-todo-app.spec.ts" time="2.902">
</testcase>
<testcase name="Mark all as completed › should allow me to mark all items as completed" classname="demo-todo-app.spec.ts" time="1.461">
</testcase>
<testcase name="Mark all as completed › should allow me to clear the complete state of all items" classname="demo-todo-app.spec.ts" time="1.454">
</testcase>
<testcase name="Mark all as completed › complete all checkbox should update state when items are completed / cleared" classname="demo-todo-app.spec.ts" time="1.521">
</testcase>
<testcase name="Item › should allow me to mark items as complete" classname="demo-todo-app.spec.ts" time="0.881">
</testcase>
<testcase name="Item › should allow me to un-mark items as complete" classname="demo-todo-app.spec.ts" time="1.124">
</testcase>
<testcase name="Item › should allow me to edit an item" classname="demo-todo-app.spec.ts" time="30.063">
<failure message="demo-todo-app.spec.ts:174:7 should allow me to edit an item" type="FAILURE">
<![CDATA[  [webkit] › demo-todo-app.spec.ts:174:7 › Item › should allow me to edit an item ──────────────────

    Test timeout of 30000ms exceeded.

    Error: locator.fill: Test timeout of 30000ms exceeded.
    Call log:
      - waiting for getByTestId('todo-item').nth(1).getByRole('textbox', { name: 'E3dit' })


      179 |     await secondTodo.dblclick();
      180 |     await expect(secondTodo.getByRole('textbox', { name: 'Edit' })).toHaveValue(TODO_ITEMS[1]);
    > 181 |     await secondTodo.getByRole('textbox', { name: 'E3dit' }).fill('buy some sausages');
          |                                                              ^
      182 |     await secondTodo.getByRole('textbox', { name: 'Edit' }).press('Enter');
      183 |
      184 |     // Explicitly assert the new text value.

        at /Users/sbharadwaj/Documents/OpenSource/playwright-syntest/tests/demo-todo-app.spec.ts:181:62

    attachment #1: screenshot (image/png) ──────────────────────────────────────────────────────────
    test-results/demo-todo-app-Item-should-allow-me-to-edit-an-item-webkit/test-failed-1.png
    ────────────────────────────────────────────────────────────────────────────────────────────────

    attachment #2: video (video/webm) ──────────────────────────────────────────────────────────────
    test-results/demo-todo-app-Item-should-allow-me-to-edit-an-item-webkit/video.webm
    ────────────────────────────────────────────────────────────────────────────────────────────────
]]>
</failure>
<system-out>
<![CDATA[
[[ATTACHMENT|test-results/demo-todo-app-Item-should-allow-me-to-edit-an-item-webkit/test-failed-1.png]]

[[ATTACHMENT|test-results/demo-todo-app-Item-should-allow-me-to-edit-an-item-webkit/video.webm]]
]]>
</system-out>
</testcase>
<testcase name="Editing › should hide other controls when editing" classname="demo-todo-app.spec.ts" time="1.58">
</testcase>
<testcase name="Editing › should save edits on blur" classname="demo-todo-app.spec.ts" time="1.219">
</testcase>
<testcase name="Editing › should trim entered text" classname="demo-todo-app.spec.ts" time="1.191">
</testcase>
<testcase name="Editing › should remove the item if an empty text string was entered" classname="demo-todo-app.spec.ts" time="0.92">
</testcase>
<testcase name="Editing › should cancel edits on escape" classname="demo-todo-app.spec.ts" time="1.137">
</testcase>
<testcase name="Counter › should display the current number of todo items" classname="demo-todo-app.spec.ts" time="0.775">
</testcase>
<testcase name="Clear completed button › should display the correct text" classname="demo-todo-app.spec.ts" time="0.896">
</testcase>
<testcase name="Clear completed button › should remove completed items when clicked" classname="demo-todo-app.spec.ts" time="1.127">
</testcase>
<testcase name="Clear completed button › should be hidden when there are no items that are completed" classname="demo-todo-app.spec.ts" time="0.764">
</testcase>
<testcase name="Persistence › should persist its data" classname="demo-todo-app.spec.ts" time="0.907">
</testcase>
<testcase name="Routing › should allow me to display active items" classname="demo-todo-app.spec.ts" time="0.825">
</testcase>
<testcase name="Routing › should respect the back button" classname="demo-todo-app.spec.ts" time="0.929">
</testcase>
<testcase name="Routing › should allow me to display completed items" classname="demo-todo-app.spec.ts" time="0.809">
</testcase>
<testcase name="Routing › should allow me to display all items" classname="demo-todo-app.spec.ts" time="0.879">
</testcase>
<testcase name="Routing › should highlight the currently applied filter" classname="demo-todo-app.spec.ts" time="0.889">
</testcase>
</testsuite>
<testsuite name="example.spec.ts" timestamp="2024-09-07T07:31:59.167Z" hostname="webkit" tests="2" failures="0" skipped="0" time="2.078" errors="0">
<testcase name="has title" classname="example.spec.ts" time="1.093">
</testcase>
<testcase name="get started link" classname="example.spec.ts" time="0.985">
</testcase>
</testsuite>
</testsuites>